Build started 25/02/2015 16:05:30.
     1>Project "C:\Users\pato\Desktop\cppLearnMiniProjects\Cppprimer\p50\ex 1.20\ex 1.20\ex 1.20.vcxproj" on node 2 (Build target(s)).
     1>ClCompile:
         C:\Program Files (x86)\Microsoft Visual Studio 12.0\VC\bin\CL.exe /c /ZI /nologo /W3 /WX- /sdl /Od /Oy- /D _MBCS /Gm /EHsc /RTC1 /MDd /GS /fp:precise /Zc:wchar_t /Zc:forScope /Fo"Debug\\" /Fd"Debug\vc120.pdb" /Gd /TP /analyze- /errorReport:prompt Source.cpp
         Source.cpp
     1>c:\users\pato\desktop\cpplearnminiprojects\cppprimer\p50\ex 1.20\ex 1.20\source.cpp(11): error C3867: 'std::basic_istream<char,std::char_traits<char>>::ignore': function call missing argument list; use '&std::basic_istream<char,std::char_traits<char>>::ignore' to create a pointer to member
     1>Done Building Project "C:\Users\pato\Desktop\cppLearnMiniProjects\Cppprimer\p50\ex 1.20\ex 1.20\ex 1.20.vcxproj" (Build target(s)) -- FAILED.

Build FAILED.

Time Elapsed 00:00:00.83
