Build started 25/02/2015 14:30:42.
     1>Project "C:\Users\pato\Desktop\cppLearnMiniProjects\Cppprimer\p41\readUknInputs\readUknInputs\readUknInputs.vcxproj" on node 2 (Build target(s)).
     1>ClCompile:
         C:\Program Files (x86)\Microsoft Visual Studio 12.0\VC\bin\CL.exe /c /ZI /nologo /W3 /WX- /sdl /Od /Oy- /D _MBCS /Gm /EHsc /RTC1 /MDd /GS /fp:precise /Zc:wchar_t /Zc:forScope /Fo"Debug\\" /Fd"Debug\vc120.pdb" /Gd /TP /analyze- /errorReport:prompt Source.cpp
         Source.cpp
     1>c:\users\pato\desktop\cpplearnminiprojects\cppprimer\p41\readukninputs\readukninputs\source.cpp(11): error C2143: syntax error : missing ';' before '}'
     1>Done Building Project "C:\Users\pato\Desktop\cppLearnMiniProjects\Cppprimer\p41\readUknInputs\readUknInputs\readUknInputs.vcxproj" (Build target(s)) -- FAILED.

Build FAILED.

Time Elapsed 00:00:00.35
